Arguments: 
  C:\Program Files\nodejs\node.exe C:\Users\boomers\AppData\Roaming\npm\node_modules\yarn\bin\yarn.js add react-dropzone

PATH: 
  C:\Windows\system32;C:\Windows;C:\Windows\System32\Wbem;C:\Windows\System32\WindowsPowerShell\v1.0\;C:\Windows\System32\OpenSSH\;C:\Program Files\Bandizip\;C:\Program Files\nodejs\;C:\Program Files\Git\cmd;C:\Users\boomers\AppData\Local\Microsoft\WindowsApps;;C:\Users\boomers\AppData\Local\Programs\Microsoft VS Code\bin;C:\Users\boomers\AppData\Roaming\npm

Yarn version: 
  1.22.17

Node version: 
  16.14.0

Platform: 
  win32 x64

Trace: 
  Error: EPERM: operation not permitted, unlink 'C:\Users\boomers\조수아\react\usim-next\next-mui\node_modules\@next\swc-win32-x64-msvc\next-swc.win32-x64-msvc.node'

npm manifest: 
  {
    "name": "next-mui",
    "private": true,
    "scripts": {
      "dev": "next dev",
      "build": "next build",
      "start": "next start",
      "lint": "next lint"
    },
    "dependencies": {
      "@emotion/cache": "^11.7.1",
      "@emotion/react": "^11.7.1",
      "@emotion/server": "^11.4.0",
      "@emotion/styled": "^11.6.0",
      "@mui/icons-material": "^5.0.0-rc.1",
      "@mui/material": "^5.0.0-rc.1",
      "clsx": "^1.1.1",
      "formik": "^2.2.9",
      "next": "12.0.10",
      "react": "17.0.2",
      "react-dom": "17.0.2",
      "yup": "^0.32.11"
    },
    "devDependencies": {
      "eslint": "8.9.0",
      "eslint-config-next": "12.0.10"
    }
  }

yarn manifest: 
  No manifest

Lockfile: 
  No lockfile
